Arguments: 
  /home/andrepinto/.nvm/versions/node/v12.20.0/bin/node /home/andrepinto/.nvm/versions/node/v12.20.0/bin/yarn install

PATH: 
  /home/andrepinto/.cargo/bin:/home/andrepinto/go:/home/andrepinto/.nvm/versions/node/v12.20.0/bin:/home/andrepinto/.zinit/polaris/bin:/home/andrepinto/.cargo/bin:/home/andrepinto/go:/home/andrepinto/.cargo/bin:/home/andrepinto/bin:/usr/local/sbin:/usr/local/bin:/usr/sbin:/usr/bin:/sbin:/bin:/usr/games:/usr/local/games:/snap/bin:/home/andrepinto/bin:/home/andrepinto/bin

Yarn version: 
  1.22.10

Node version: 
  12.20.0

Platform: 
  linux x64

Trace: 
  SyntaxError: /home/andrepinto/workspace/web/vulkly-web/packages/package.json: Unexpected end of JSON input
      at JSON.parse (<anonymous>)
      at /home/andrepinto/.nvm/versions/node/v12.20.0/lib/node_modules/yarn/lib/cli.js:1625:59
      at Generator.next (<anonymous>)
      at step (/home/andrepinto/.nvm/versions/node/v12.20.0/lib/node_modules/yarn/lib/cli.js:310:30)
      at /home/andrepinto/.nvm/versions/node/v12.20.0/lib/node_modules/yarn/lib/cli.js:321:13

npm manifest: 
  {
      "name": "home",
      "version": "0.1.0",
      "private": true,
      "scripts": {
        "serve": "serve dist -p 8081 --single",
        "build": "webpack --mode production",
        "start": "cross-env NODE_ENV=development webpack-dev-server"
      },
      "dependencies": {
        "react": "^16.13.1",
        "react-dom": "^16.13.1"
      },
      "devDependencies": {
        "@types/react": "^16.9.36",
        "@types/react-dom": "^16.9.8",
        "cross-env": "^7.0.2",
        "html-webpack-plugin": "^4.3.0",
        "html-webpack-tags-plugin": "^2.0.17",
        "serve": "^11.3.2",
        "ts-loader": "^7.0.5",
        "typescript": "^3.9.5",
        "webpack": "5.0.0-beta.33",
        "webpack-cli": "^3.3.11",
        "webpack-dev-server": "^3.11.0"
      }

yarn manifest: 
  No manifest

Lockfile: 
  No lockfile
